2019-08-01 01:09:01,844 - INFO - load checkpoint from ./work_dirs/faster_rcnn_hrnetv2p_w32_syncbn_mstrain_2x/latest.pth
2019-08-01 01:09:02,784 - INFO - resumed epoch 1, iter 311
2019-08-01 01:09:02,790 - INFO - Start running, host: dzl@gpuserver1, work_dir: /home/432/dzl/HRNet-Object-Detection/work_dirs/faster_rcnn_hrnetv2p_w32_syncbn_mstrain_2x
2019-08-01 01:09:02,790 - INFO - workflow: [('train', 1)], max: 30 epochs
2019-08-01 01:13:43,122 - INFO - Epoch [2][50/311]	lr: 0.01627, eta: 13:56:50, time: 5.598, data_time: 0.015, memory: 6844, loss_rpn_cls: 0.0126, loss_rpn_reg: 0.0115, loss_cls: 0.1007, acc: 95.9727, loss_reg: 0.1054, loss: 0.2302
2019-08-01 01:18:03,348 - INFO - Epoch [2][100/311]	lr: 0.01760, eta: 13:22:57, time: 5.205, data_time: 0.008, memory: 6844, loss_rpn_cls: 0.0058, loss_rpn_reg: 0.0116, loss_cls: 0.0720, acc: 97.0312, loss_reg: 0.0742, loss: 0.1636
2019-08-01 01:22:24,466 - INFO - Epoch [2][150/311]	lr: 0.01893, eta: 13:09:36, time: 5.222, data_time: 0.009, memory: 6844, loss_rpn_cls: 0.0065, loss_rpn_reg: 0.0098, loss_cls: 0.0813, acc: 96.7109, loss_reg: 0.0808, loss: 0.1784
2019-08-01 01:26:51,265 - INFO - Epoch [2][200/311]	lr: 0.02000, eta: 13:04:56, time: 5.336, data_time: 0.009, memory: 6844, loss_rpn_cls: 0.0039, loss_rpn_reg: 0.0075, loss_cls: 0.0670, acc: 97.1562, loss_reg: 0.0758, loss: 0.1541
2019-08-01 01:31:06,719 - INFO - Epoch [2][250/311]	lr: 0.02000, eta: 12:53:44, time: 5.109, data_time: 0.008, memory: 6844, loss_rpn_cls: 0.0033, loss_rpn_reg: 0.0074, loss_cls: 0.0586, acc: 97.6133, loss_reg: 0.0627, loss: 0.1320
2019-08-01 01:35:31,564 - INFO - Epoch [2][300/311]	lr: 0.02000, eta: 12:49:22, time: 5.296, data_time: 0.008, memory: 6844, loss_rpn_cls: 0.0066, loss_rpn_reg: 0.0086, loss_cls: 0.0683, acc: 97.3555, loss_reg: 0.0698, loss: 0.1534
2019-08-01 01:36:47,821 - INFO - Epoch [2][311/311]	lr: 0.02000, bbox_mAP: 0.5090
2019-08-01 01:41:14,296 - INFO - Epoch [3][50/311]	lr: 0.02000, eta: 12:21:24, time: 5.329, data_time: 0.014, memory: 6844, loss_rpn_cls: 0.0048, loss_rpn_reg: 0.0074, loss_cls: 0.0725, acc: 97.0898, loss_reg: 0.0740, loss: 0.1587
2019-08-01 01:45:41,497 - INFO - Epoch [3][100/311]	lr: 0.02000, eta: 12:20:43, time: 5.344, data_time: 0.007, memory: 6844, loss_rpn_cls: 0.0053, loss_rpn_reg: 0.0084, loss_cls: 0.0569, acc: 97.6523, loss_reg: 0.0630, loss: 0.1336
2019-08-01 01:50:05,199 - INFO - Epoch [3][150/311]	lr: 0.02000, eta: 12:18:07, time: 5.274, data_time: 0.007, memory: 6844, loss_rpn_cls: 0.0031, loss_rpn_reg: 0.0072, loss_cls: 0.0488, acc: 98.0312, loss_reg: 0.0519, loss: 0.1110
2019-08-01 01:54:30,870 - INFO - Epoch [3][200/311]	lr: 0.02000, eta: 12:15:43, time: 5.313, data_time: 0.008, memory: 6844, loss_rpn_cls: 0.0033, loss_rpn_reg: 0.0057, loss_cls: 0.0587, acc: 97.6211, loss_reg: 0.0611, loss: 0.1289
2019-08-01 01:58:59,636 - INFO - Epoch [3][250/311]	lr: 0.02000, eta: 12:13:45, time: 5.376, data_time: 0.008, memory: 6844, loss_rpn_cls: 0.0034, loss_rpn_reg: 0.0065, loss_cls: 0.0567, acc: 97.7305, loss_reg: 0.0566, loss: 0.1232
2019-08-01 02:03:13,188 - INFO - Epoch [3][300/311]	lr: 0.02000, eta: 12:07:52, time: 5.070, data_time: 0.006, memory: 6844, loss_rpn_cls: 0.0037, loss_rpn_reg: 0.0057, loss_cls: 0.0595, acc: 97.5430, loss_reg: 0.0577, loss: 0.1267
2019-08-01 02:04:19,414 - INFO - Epoch [3][311/311]	lr: 0.02000, bbox_mAP: 0.5421
2019-08-01 02:08:43,250 - INFO - Epoch [4][50/311]	lr: 0.02000, eta: 11:51:36, time: 5.275, data_time: 0.018, memory: 6844, loss_rpn_cls: 0.0030, loss_rpn_reg: 0.0061, loss_cls: 0.0558, acc: 97.7461, loss_reg: 0.0612, loss: 0.1260
2019-08-01 02:13:14,137 - INFO - Epoch [4][100/311]	lr: 0.02000, eta: 11:50:14, time: 5.418, data_time: 0.009, memory: 6844, loss_rpn_cls: 0.0030, loss_rpn_reg: 0.0051, loss_cls: 0.0555, acc: 97.6719, loss_reg: 0.0618, loss: 0.1255
2019-08-01 02:17:40,275 - INFO - Epoch [4][150/311]	lr: 0.02000, eta: 11:47:37, time: 5.324, data_time: 0.007, memory: 6844, loss_rpn_cls: 0.0046, loss_rpn_reg: 0.0083, loss_cls: 0.0705, acc: 97.0898, loss_reg: 0.0765, loss: 0.1599
2019-08-01 02:22:09,817 - INFO - Epoch [4][200/311]	lr: 0.02000, eta: 11:45:21, time: 5.391, data_time: 0.007, memory: 6844, loss_rpn_cls: 0.0028, loss_rpn_reg: 0.0054, loss_cls: 0.0525, acc: 97.7617, loss_reg: 0.0559, loss: 0.1166
2019-08-01 02:26:43,227 - INFO - Epoch [4][250/311]	lr: 0.02000, eta: 11:43:25, time: 5.468, data_time: 0.007, memory: 6844, loss_rpn_cls: 0.0097, loss_rpn_reg: 0.0059, loss_cls: 0.0523, acc: 97.7734, loss_reg: 0.0539, loss: 0.1218
2019-08-01 02:31:08,165 - INFO - Epoch [4][300/311]	lr: 0.02000, eta: 11:39:58, time: 5.299, data_time: 0.007, memory: 6844, loss_rpn_cls: 0.0038, loss_rpn_reg: 0.0060, loss_cls: 0.0585, acc: 97.5703, loss_reg: 0.0608, loss: 0.1292
2019-08-01 02:32:20,588 - INFO - Epoch [4][311/311]	lr: 0.02000, bbox_mAP: 0.5724
2019-08-01 02:36:59,529 - INFO - Epoch [5][50/311]	lr: 0.02000, eta: 11:29:35, time: 5.578, data_time: 0.013, memory: 6844, loss_rpn_cls: 0.0022, loss_rpn_reg: 0.0056, loss_cls: 0.0556, acc: 97.7695, loss_reg: 0.0604, loss: 0.1238
2019-08-01 02:41:24,855 - INFO - Epoch [5][100/311]	lr: 0.02000, eta: 11:26:19, time: 5.306, data_time: 0.007, memory: 6844, loss_rpn_cls: 0.0022, loss_rpn_reg: 0.0047, loss_cls: 0.0544, acc: 97.7461, loss_reg: 0.0500, loss: 0.1113
2019-08-01 02:45:54,661 - INFO - Epoch [5][150/311]	lr: 0.02000, eta: 11:23:29, time: 5.396, data_time: 0.007, memory: 6844, loss_rpn_cls: 0.0020, loss_rpn_reg: 0.0050, loss_cls: 0.0498, acc: 97.8867, loss_reg: 0.0572, loss: 0.1140
2019-08-01 02:50:17,139 - INFO - Epoch [5][200/311]	lr: 0.02000, eta: 11:19:39, time: 5.249, data_time: 0.007, memory: 6844, loss_rpn_cls: 0.0026, loss_rpn_reg: 0.0057, loss_cls: 0.0510, acc: 98.0117, loss_reg: 0.0578, loss: 0.1170
2019-08-01 02:54:46,047 - INFO - Epoch [5][250/311]	lr: 0.02000, eta: 11:16:29, time: 5.378, data_time: 0.008, memory: 6844, loss_rpn_cls: 0.0027, loss_rpn_reg: 0.0056, loss_cls: 0.0557, acc: 97.6992, loss_reg: 0.0549, loss: 0.1189
2019-08-01 02:59:06,423 - INFO - Epoch [5][300/311]	lr: 0.02000, eta: 11:12:19, time: 5.208, data_time: 0.008, memory: 6844, loss_rpn_cls: 0.0013, loss_rpn_reg: 0.0031, loss_cls: 0.0360, acc: 98.5469, loss_reg: 0.0425, loss: 0.0829
2019-08-01 03:00:16,031 - INFO - Epoch [5][311/311]	lr: 0.02000, bbox_mAP: 0.5898
2019-08-01 03:04:45,488 - INFO - Epoch [6][50/311]	lr: 0.02000, eta: 11:02:24, time: 5.388, data_time: 0.014, memory: 6844, loss_rpn_cls: 0.0015, loss_rpn_reg: 0.0049, loss_cls: 0.0416, acc: 98.2422, loss_reg: 0.0427, loss: 0.0907
2019-08-01 03:09:12,774 - INFO - Epoch [6][100/311]	lr: 0.02000, eta: 10:59:04, time: 5.345, data_time: 0.007, memory: 6844, loss_rpn_cls: 0.0018, loss_rpn_reg: 0.0047, loss_cls: 0.0473, acc: 98.0117, loss_reg: 0.0463, loss: 0.1001
2019-08-01 03:13:44,828 - INFO - Epoch [6][150/311]	lr: 0.02000, eta: 10:56:06, time: 5.443, data_time: 0.008, memory: 6844, loss_rpn_cls: 0.0010, loss_rpn_reg: 0.0062, loss_cls: 0.0329, acc: 98.5859, loss_reg: 0.0360, loss: 0.0762
2019-08-01 03:18:15,830 - INFO - Epoch [6][200/311]	lr: 0.02000, eta: 10:52:55, time: 5.420, data_time: 0.007, memory: 6844, loss_rpn_cls: 0.0022, loss_rpn_reg: 0.0062, loss_cls: 0.0534, acc: 97.8242, loss_reg: 0.0611, loss: 0.1229
2019-08-01 03:22:43,951 - INFO - Epoch [6][250/311]	lr: 0.02000, eta: 10:49:25, time: 5.363, data_time: 0.007, memory: 6844, loss_rpn_cls: 0.0024, loss_rpn_reg: 0.0061, loss_cls: 0.0394, acc: 98.3242, loss_reg: 0.0386, loss: 0.0864
2019-08-01 03:27:14,223 - INFO - Epoch [6][300/311]	lr: 0.02000, eta: 10:46:01, time: 5.405, data_time: 0.007, memory: 6844, loss_rpn_cls: 0.0013, loss_rpn_reg: 0.0041, loss_cls: 0.0427, acc: 98.3047, loss_reg: 0.0451, loss: 0.0931
2019-08-01 03:28:25,007 - INFO - Epoch [6][311/311]	lr: 0.02000, bbox_mAP: 0.5947
2019-08-01 03:32:45,609 - INFO - Epoch [7][50/311]	lr: 0.02000, eta: 10:36:27, time: 5.211, data_time: 0.014, memory: 6844, loss_rpn_cls: 0.0013, loss_rpn_reg: 0.0036, loss_cls: 0.0367, acc: 98.4570, loss_reg: 0.0381, loss: 0.0796
2019-08-01 03:37:11,445 - INFO - Epoch [7][100/311]	lr: 0.02000, eta: 10:32:46, time: 5.317, data_time: 0.008, memory: 6844, loss_rpn_cls: 0.0014, loss_rpn_reg: 0.0053, loss_cls: 0.0520, acc: 97.8945, loss_reg: 0.0525, loss: 0.1111
2019-08-01 03:41:34,283 - INFO - Epoch [7][150/311]	lr: 0.02000, eta: 10:28:50, time: 5.256, data_time: 0.008, memory: 6844, loss_rpn_cls: 0.0015, loss_rpn_reg: 0.0040, loss_cls: 0.0431, acc: 98.2383, loss_reg: 0.0442, loss: 0.0929
2019-08-01 03:46:02,274 - INFO - Epoch [7][200/311]	lr: 0.02000, eta: 10:25:14, time: 5.360, data_time: 0.009, memory: 6844, loss_rpn_cls: 0.0025, loss_rpn_reg: 0.0046, loss_cls: 0.0483, acc: 97.9922, loss_reg: 0.0517, loss: 0.1071
2019-08-01 03:50:32,142 - INFO - Epoch [7][250/311]	lr: 0.02000, eta: 10:21:42, time: 5.399, data_time: 0.009, memory: 6844, loss_rpn_cls: 0.0033, loss_rpn_reg: 0.0049, loss_cls: 0.0500, acc: 97.9531, loss_reg: 0.0577, loss: 0.1160
2019-08-01 03:54:59,248 - INFO - Epoch [7][300/311]	lr: 0.02000, eta: 10:17:57, time: 5.341, data_time: 0.008, memory: 6844, loss_rpn_cls: 0.0011, loss_rpn_reg: 0.0037, loss_cls: 0.0322, acc: 98.6250, loss_reg: 0.0334, loss: 0.0704
2019-08-01 03:56:10,845 - INFO - Epoch [7][311/311]	lr: 0.02000, bbox_mAP: 0.5785
2019-08-01 04:00:38,803 - INFO - Epoch [8][50/311]	lr: 0.02000, eta: 10:09:43, time: 5.357, data_time: 0.013, memory: 6844, loss_rpn_cls: 0.0025, loss_rpn_reg: 0.0037, loss_cls: 0.0470, acc: 98.0586, loss_reg: 0.0494, loss: 0.1026
2019-08-01 04:05:12,972 - INFO - Epoch [8][100/311]	lr: 0.02000, eta: 10:06:26, time: 5.484, data_time: 0.008, memory: 6844, loss_rpn_cls: 0.0016, loss_rpn_reg: 0.0045, loss_cls: 0.0407, acc: 98.2969, loss_reg: 0.0415, loss: 0.0884
2019-08-01 04:09:39,937 - INFO - Epoch [8][150/311]	lr: 0.02000, eta: 10:02:39, time: 5.339, data_time: 0.008, memory: 6844, loss_rpn_cls: 0.0018, loss_rpn_reg: 0.0047, loss_cls: 0.0477, acc: 97.9766, loss_reg: 0.0480, loss: 0.1021
2019-08-01 04:13:51,122 - INFO - Epoch [8][200/311]	lr: 0.02000, eta: 9:57:58, time: 5.024, data_time: 0.009, memory: 6844, loss_rpn_cls: 0.0013, loss_rpn_reg: 0.0040, loss_cls: 0.0376, acc: 98.4648, loss_reg: 0.0358, loss: 0.0786
2019-08-01 04:18:15,150 - INFO - Epoch [8][250/311]	lr: 0.02000, eta: 9:53:59, time: 5.280, data_time: 0.007, memory: 6844, loss_rpn_cls: 0.0021, loss_rpn_reg: 0.0047, loss_cls: 0.0546, acc: 97.7227, loss_reg: 0.0548, loss: 0.1162
2019-08-01 04:22:56,183 - INFO - Epoch [8][300/311]	lr: 0.02000, eta: 9:50:53, time: 5.620, data_time: 0.010, memory: 6844, loss_rpn_cls: 0.0028, loss_rpn_reg: 0.0050, loss_cls: 0.0524, acc: 97.8164, loss_reg: 0.0507, loss: 0.1109
2019-08-01 04:24:10,708 - INFO - Epoch [8][311/311]	lr: 0.02000, bbox_mAP: 0.6203
2019-08-01 04:28:49,304 - INFO - Epoch [9][50/311]	lr: 0.02000, eta: 9:43:45, time: 5.571, data_time: 0.014, memory: 6844, loss_rpn_cls: 0.0009, loss_rpn_reg: 0.0031, loss_cls: 0.0305, acc: 98.6992, loss_reg: 0.0320, loss: 0.0665
2019-08-01 04:33:10,803 - INFO - Epoch [9][100/311]	lr: 0.02000, eta: 9:39:38, time: 5.230, data_time: 0.008, memory: 6844, loss_rpn_cls: 0.0011, loss_rpn_reg: 0.0034, loss_cls: 0.0352, acc: 98.5742, loss_reg: 0.0343, loss: 0.0740
2019-08-01 04:37:48,208 - INFO - Epoch [9][150/311]	lr: 0.02000, eta: 9:36:16, time: 5.548, data_time: 0.008, memory: 6844, loss_rpn_cls: 0.0019, loss_rpn_reg: 0.0051, loss_cls: 0.0453, acc: 98.1406, loss_reg: 0.0498, loss: 0.1022
2019-08-01 04:42:15,640 - INFO - Epoch [9][200/311]	lr: 0.02000, eta: 9:32:23, time: 5.349, data_time: 0.008, memory: 6844, loss_rpn_cls: 0.0013, loss_rpn_reg: 0.0052, loss_cls: 0.0388, acc: 98.4648, loss_reg: 0.0482, loss: 0.0934
2019-08-01 04:46:26,934 - INFO - Epoch [9][250/311]	lr: 0.02000, eta: 9:27:45, time: 5.026, data_time: 0.008, memory: 6844, loss_rpn_cls: 0.0017, loss_rpn_reg: 0.0030, loss_cls: 0.0350, acc: 98.5547, loss_reg: 0.0345, loss: 0.0741
2019-08-01 04:50:57,731 - INFO - Epoch [9][300/311]	lr: 0.02000, eta: 9:23:59, time: 5.416, data_time: 0.007, memory: 6844, loss_rpn_cls: 0.0008, loss_rpn_reg: 0.0045, loss_cls: 0.0374, acc: 98.3867, loss_reg: 0.0367, loss: 0.0794
2019-08-01 04:52:08,922 - INFO - Epoch [9][311/311]	lr: 0.02000, bbox_mAP: 0.6322
2019-08-01 04:56:46,345 - INFO - Epoch [10][50/311]	lr: 0.02000, eta: 9:17:06, time: 5.547, data_time: 0.015, memory: 6844, loss_rpn_cls: 0.0011, loss_rpn_reg: 0.0051, loss_cls: 0.0422, acc: 98.2734, loss_reg: 0.0449, loss: 0.0934
2019-08-01 05:01:06,277 - INFO - Epoch [10][100/311]	lr: 0.02000, eta: 9:12:53, time: 5.199, data_time: 0.008, memory: 6844, loss_rpn_cls: 0.0012, loss_rpn_reg: 0.0047, loss_cls: 0.0401, acc: 98.2812, loss_reg: 0.0406, loss: 0.0865
2019-08-01 05:05:23,094 - INFO - Epoch [10][150/311]	lr: 0.02000, eta: 9:08:33, time: 5.137, data_time: 0.009, memory: 6844, loss_rpn_cls: 0.0014, loss_rpn_reg: 0.0032, loss_cls: 0.0335, acc: 98.5977, loss_reg: 0.0314, loss: 0.0696
2019-08-01 05:09:50,318 - INFO - Epoch [10][200/311]	lr: 0.02000, eta: 9:04:37, time: 5.345, data_time: 0.008, memory: 6844, loss_rpn_cls: 0.0012, loss_rpn_reg: 0.0051, loss_cls: 0.0397, acc: 98.3633, loss_reg: 0.0464, loss: 0.0924
2019-08-01 05:14:12,013 - INFO - Epoch [10][250/311]	lr: 0.02000, eta: 9:00:27, time: 5.234, data_time: 0.007, memory: 6844, loss_rpn_cls: 0.0008, loss_rpn_reg: 0.0034, loss_cls: 0.0418, acc: 98.2266, loss_reg: 0.0414, loss: 0.0874
2019-08-01 05:18:40,470 - INFO - Epoch [10][300/311]	lr: 0.02000, eta: 8:56:32, time: 5.369, data_time: 0.007, memory: 6844, loss_rpn_cls: 0.0004, loss_rpn_reg: 0.0030, loss_cls: 0.0328, acc: 98.5469, loss_reg: 0.0299, loss: 0.0661
2019-08-01 05:19:53,791 - INFO - Epoch [10][311/311]	lr: 0.02000, bbox_mAP: 0.6100
2019-08-01 05:24:15,575 - INFO - Epoch [11][50/311]	lr: 0.02000, eta: 8:49:21, time: 5.235, data_time: 0.015, memory: 6844, loss_rpn_cls: 0.0005, loss_rpn_reg: 0.0036, loss_cls: 0.0355, acc: 98.4336, loss_reg: 0.0336, loss: 0.0733
2019-08-01 05:28:47,298 - INFO - Epoch [11][100/311]	lr: 0.02000, eta: 8:45:34, time: 5.435, data_time: 0.008, memory: 6844, loss_rpn_cls: 0.0007, loss_rpn_reg: 0.0035, loss_cls: 0.0367, acc: 98.3828, loss_reg: 0.0363, loss: 0.0771
2019-08-01 05:33:15,607 - INFO - Epoch [11][150/311]	lr: 0.02000, eta: 8:41:38, time: 5.366, data_time: 0.008, memory: 6844, loss_rpn_cls: 0.0006, loss_rpn_reg: 0.0028, loss_cls: 0.0352, acc: 98.5625, loss_reg: 0.0307, loss: 0.0693
2019-08-01 05:37:42,299 - INFO - Epoch [11][200/311]	lr: 0.02000, eta: 8:37:38, time: 5.334, data_time: 0.008, memory: 6844, loss_rpn_cls: 0.0017, loss_rpn_reg: 0.0034, loss_cls: 0.0348, acc: 98.5469, loss_reg: 0.0381, loss: 0.0780
2019-08-01 05:42:07,464 - INFO - Epoch [11][250/311]	lr: 0.02000, eta: 8:33:35, time: 5.303, data_time: 0.008, memory: 6844, loss_rpn_cls: 0.0011, loss_rpn_reg: 0.0038, loss_cls: 0.0354, acc: 98.5195, loss_reg: 0.0390, loss: 0.0793
2019-08-01 05:46:33,179 - INFO - Epoch [11][300/311]	lr: 0.02000, eta: 8:29:31, time: 5.315, data_time: 0.008, memory: 6844, loss_rpn_cls: 0.0014, loss_rpn_reg: 0.0039, loss_cls: 0.0393, acc: 98.4180, loss_reg: 0.0407, loss: 0.0853
2019-08-01 05:47:43,447 - INFO - Epoch [11][311/311]	lr: 0.02000, bbox_mAP: 0.6388
2019-08-01 05:52:14,471 - INFO - Epoch [12][50/311]	lr: 0.02000, eta: 8:22:54, time: 5.420, data_time: 0.014, memory: 6844, loss_rpn_cls: 0.0022, loss_rpn_reg: 0.0033, loss_cls: 0.0396, acc: 98.3359, loss_reg: 0.0372, loss: 0.0823
2019-08-01 05:56:45,522 - INFO - Epoch [12][100/311]	lr: 0.02000, eta: 8:19:01, time: 5.420, data_time: 0.008, memory: 6844, loss_rpn_cls: 0.0015, loss_rpn_reg: 0.0033, loss_cls: 0.0335, acc: 98.5664, loss_reg: 0.0371, loss: 0.0754
2019-08-01 06:01:15,490 - INFO - Epoch [12][150/311]	lr: 0.02000, eta: 8:15:05, time: 5.400, data_time: 0.009, memory: 6844, loss_rpn_cls: 0.0010, loss_rpn_reg: 0.0045, loss_cls: 0.0297, acc: 98.7656, loss_reg: 0.0308, loss: 0.0660
2019-08-01 06:05:49,155 - INFO - Epoch [12][200/311]	lr: 0.02000, eta: 8:11:15, time: 5.473, data_time: 0.008, memory: 6844, loss_rpn_cls: 0.0013, loss_rpn_reg: 0.0057, loss_cls: 0.0442, acc: 98.0977, loss_reg: 0.0474, loss: 0.0986
2019-08-01 06:10:20,584 - INFO - Epoch [12][250/311]	lr: 0.02000, eta: 8:07:19, time: 5.429, data_time: 0.008, memory: 6844, loss_rpn_cls: 0.0009, loss_rpn_reg: 0.0025, loss_cls: 0.0386, acc: 98.4492, loss_reg: 0.0350, loss: 0.0770
2019-08-01 06:14:28,526 - INFO - Epoch [12][300/311]	lr: 0.02000, eta: 8:02:43, time: 4.958, data_time: 0.008, memory: 6844, loss_rpn_cls: 0.0012, loss_rpn_reg: 0.0046, loss_cls: 0.0460, acc: 98.0820, loss_reg: 0.0460, loss: 0.0977
2019-08-01 06:15:32,933 - INFO - Epoch [12][311/311]	lr: 0.02000, bbox_mAP: 0.6226
2019-08-01 06:19:58,139 - INFO - Epoch [13][50/311]	lr: 0.02000, eta: 7:56:09, time: 5.304, data_time: 0.014, memory: 6844, loss_rpn_cls: 0.0014, loss_rpn_reg: 0.0039, loss_cls: 0.0328, acc: 98.6133, loss_reg: 0.0386, loss: 0.0767
2019-08-01 06:24:22,928 - INFO - Epoch [13][100/311]	lr: 0.02000, eta: 7:52:03, time: 5.295, data_time: 0.008, memory: 6844, loss_rpn_cls: 0.0013, loss_rpn_reg: 0.0022, loss_cls: 0.0366, acc: 98.4883, loss_reg: 0.0268, loss: 0.0670
2019-08-01 06:28:49,928 - INFO - Epoch [13][150/311]	lr: 0.02000, eta: 7:47:59, time: 5.340, data_time: 0.008, memory: 6844, loss_rpn_cls: 0.0011, loss_rpn_reg: 0.0031, loss_cls: 0.0390, acc: 98.4609, loss_reg: 0.0331, loss: 0.0763
2019-08-01 06:33:18,771 - INFO - Epoch [13][200/311]	lr: 0.02000, eta: 7:43:58, time: 5.377, data_time: 0.008, memory: 6844, loss_rpn_cls: 0.0010, loss_rpn_reg: 0.0038, loss_cls: 0.0409, acc: 98.2969, loss_reg: 0.0417, loss: 0.0875
2019-08-01 06:37:34,482 - INFO - Epoch [13][250/311]	lr: 0.02000, eta: 7:39:37, time: 5.113, data_time: 0.008, memory: 6844, loss_rpn_cls: 0.0005, loss_rpn_reg: 0.0029, loss_cls: 0.0288, acc: 98.7852, loss_reg: 0.0262, loss: 0.0584
2019-08-01 06:42:02,358 - INFO - Epoch [13][300/311]	lr: 0.02000, eta: 7:35:34, time: 5.358, data_time: 0.008, memory: 6844, loss_rpn_cls: 0.0005, loss_rpn_reg: 0.0030, loss_cls: 0.0332, acc: 98.5859, loss_reg: 0.0301, loss: 0.0669
2019-08-01 06:43:18,426 - INFO - Epoch [13][311/311]	lr: 0.02000, bbox_mAP: 0.6182
2019-08-01 06:47:52,377 - INFO - Epoch [14][50/311]	lr: 0.02000, eta: 7:29:23, time: 5.479, data_time: 0.015, memory: 6844, loss_rpn_cls: 0.0013, loss_rpn_reg: 0.0040, loss_cls: 0.0333, acc: 98.6133, loss_reg: 0.0339, loss: 0.0725
2019-08-01 06:52:21,143 - INFO - Epoch [14][100/311]	lr: 0.02000, eta: 7:25:20, time: 5.375, data_time: 0.007, memory: 6844, loss_rpn_cls: 0.0010, loss_rpn_reg: 0.0047, loss_cls: 0.0387, acc: 98.3984, loss_reg: 0.0370, loss: 0.0814
2019-08-01 06:56:50,690 - INFO - Epoch [14][150/311]	lr: 0.02000, eta: 7:21:19, time: 5.391, data_time: 0.008, memory: 6844, loss_rpn_cls: 0.0008, loss_rpn_reg: 0.0035, loss_cls: 0.0355, acc: 98.5312, loss_reg: 0.0373, loss: 0.0771
2019-08-01 07:01:13,837 - INFO - Epoch [14][200/311]	lr: 0.02000, eta: 7:17:08, time: 5.262, data_time: 0.008, memory: 6844, loss_rpn_cls: 0.0013, loss_rpn_reg: 0.0034, loss_cls: 0.0403, acc: 98.2344, loss_reg: 0.0368, loss: 0.0817
2019-08-01 07:05:34,894 - INFO - Epoch [14][250/311]	lr: 0.02000, eta: 7:12:54, time: 5.222, data_time: 0.009, memory: 6844, loss_rpn_cls: 0.0009, loss_rpn_reg: 0.0030, loss_cls: 0.0314, acc: 98.6445, loss_reg: 0.0264, loss: 0.0617
2019-08-01 07:09:57,179 - INFO - Epoch [14][300/311]	lr: 0.02000, eta: 7:08:42, time: 5.246, data_time: 0.009, memory: 6844, loss_rpn_cls: 0.0011, loss_rpn_reg: 0.0041, loss_cls: 0.0395, acc: 98.3750, loss_reg: 0.0375, loss: 0.0821
2019-08-01 07:11:13,076 - INFO - Epoch [14][311/311]	lr: 0.02000, bbox_mAP: 0.6256
2019-08-01 07:15:48,738 - INFO - Epoch [15][50/311]	lr: 0.02000, eta: 7:02:40, time: 5.513, data_time: 0.013, memory: 6844, loss_rpn_cls: 0.0007, loss_rpn_reg: 0.0029, loss_cls: 0.0303, acc: 98.6953, loss_reg: 0.0258, loss: 0.0598
2019-08-01 07:20:12,134 - INFO - Epoch [15][100/311]	lr: 0.02000, eta: 6:58:30, time: 5.268, data_time: 0.007, memory: 6844, loss_rpn_cls: 0.0010, loss_rpn_reg: 0.0030, loss_cls: 0.0398, acc: 98.3047, loss_reg: 0.0347, loss: 0.0785
2019-08-01 07:24:56,541 - INFO - Epoch [15][150/311]	lr: 0.02000, eta: 6:54:43, time: 5.688, data_time: 0.008, memory: 6844, loss_rpn_cls: 0.0006, loss_rpn_reg: 0.0038, loss_cls: 0.0347, acc: 98.5117, loss_reg: 0.0294, loss: 0.0685
2019-08-01 07:29:12,088 - INFO - Epoch [15][200/311]	lr: 0.02000, eta: 6:50:23, time: 5.111, data_time: 0.007, memory: 6844, loss_rpn_cls: 0.0010, loss_rpn_reg: 0.0038, loss_cls: 0.0405, acc: 98.1914, loss_reg: 0.0396, loss: 0.0848
2019-08-01 07:33:33,564 - INFO - Epoch [15][250/311]	lr: 0.02000, eta: 6:46:09, time: 5.229, data_time: 0.007, memory: 6844, loss_rpn_cls: 0.0007, loss_rpn_reg: 0.0023, loss_cls: 0.0327, acc: 98.5703, loss_reg: 0.0293, loss: 0.0649
2019-08-01 07:37:56,481 - INFO - Epoch [15][300/311]	lr: 0.02000, eta: 6:41:57, time: 5.258, data_time: 0.008, memory: 6844, loss_rpn_cls: 0.0007, loss_rpn_reg: 0.0025, loss_cls: 0.0403, acc: 98.2734, loss_reg: 0.0344, loss: 0.0780
2019-08-01 07:39:06,967 - INFO - Epoch [15][311/311]	lr: 0.02000, bbox_mAP: 0.6379
2019-08-01 07:43:23,249 - INFO - Epoch [16][50/311]	lr: 0.02000, eta: 6:35:41, time: 5.125, data_time: 0.014, memory: 6844, loss_rpn_cls: 0.0007, loss_rpn_reg: 0.0026, loss_cls: 0.0336, acc: 98.5586, loss_reg: 0.0292, loss: 0.0662
2019-08-01 07:47:47,346 - INFO - Epoch [16][100/311]	lr: 0.02000, eta: 6:31:31, time: 5.282, data_time: 0.008, memory: 6844, loss_rpn_cls: 0.0008, loss_rpn_reg: 0.0025, loss_cls: 0.0286, acc: 98.7461, loss_reg: 0.0259, loss: 0.0578
2019-08-01 07:52:19,582 - INFO - Epoch [16][150/311]	lr: 0.02000, eta: 6:27:29, time: 5.445, data_time: 0.007, memory: 6844, loss_rpn_cls: 0.0016, loss_rpn_reg: 0.0035, loss_cls: 0.0296, acc: 98.7383, loss_reg: 0.0299, loss: 0.0647
2019-08-01 07:56:34,663 - INFO - Epoch [16][200/311]	lr: 0.02000, eta: 6:23:09, time: 5.100, data_time: 0.007, memory: 6844, loss_rpn_cls: 0.0006, loss_rpn_reg: 0.0031, loss_cls: 0.0273, acc: 98.8984, loss_reg: 0.0221, loss: 0.0531
2019-08-01 08:00:58,211 - INFO - Epoch [16][250/311]	lr: 0.02000, eta: 6:18:57, time: 5.271, data_time: 0.009, memory: 6844, loss_rpn_cls: 0.0008, loss_rpn_reg: 0.0035, loss_cls: 0.0363, acc: 98.5234, loss_reg: 0.0336, loss: 0.0741
2019-08-01 08:05:15,192 - INFO - Epoch [16][300/311]	lr: 0.02000, eta: 6:14:39, time: 5.140, data_time: 0.008, memory: 6844, loss_rpn_cls: 0.0009, loss_rpn_reg: 0.0036, loss_cls: 0.0271, acc: 98.8945, loss_reg: 0.0261, loss: 0.0577
2019-08-01 08:06:22,463 - INFO - Epoch [16][311/311]	lr: 0.02000, bbox_mAP: 0.6313
2019-08-01 08:11:00,719 - INFO - Epoch [17][50/311]	lr: 0.02000, eta: 6:08:52, time: 5.564, data_time: 0.015, memory: 6844, loss_rpn_cls: 0.0006, loss_rpn_reg: 0.0024, loss_cls: 0.0316, acc: 98.6953, loss_reg: 0.0260, loss: 0.0606
2019-08-01 08:15:32,468 - INFO - Epoch [17][100/311]	lr: 0.02000, eta: 6:04:48, time: 5.435, data_time: 0.007, memory: 6844, loss_rpn_cls: 0.0006, loss_rpn_reg: 0.0034, loss_cls: 0.0370, acc: 98.4258, loss_reg: 0.0334, loss: 0.0744
2019-08-01 08:19:55,551 - INFO - Epoch [17][150/311]	lr: 0.02000, eta: 6:00:36, time: 5.261, data_time: 0.008, memory: 6844, loss_rpn_cls: 0.0006, loss_rpn_reg: 0.0033, loss_cls: 0.0342, acc: 98.5352, loss_reg: 0.0289, loss: 0.0670
2019-08-01 08:24:11,082 - INFO - Epoch [17][200/311]	lr: 0.02000, eta: 5:56:17, time: 5.111, data_time: 0.008, memory: 6844, loss_rpn_cls: 0.0010, loss_rpn_reg: 0.0032, loss_cls: 0.0306, acc: 98.7109, loss_reg: 0.0287, loss: 0.0634
2019-08-01 08:28:37,773 - INFO - Epoch [17][250/311]	lr: 0.02000, eta: 5:52:08, time: 5.334, data_time: 0.008, memory: 6844, loss_rpn_cls: 0.0004, loss_rpn_reg: 0.0026, loss_cls: 0.0337, acc: 98.5547, loss_reg: 0.0305, loss: 0.0672
2019-08-01 08:32:59,928 - INFO - Epoch [17][300/311]	lr: 0.02000, eta: 5:47:54, time: 5.243, data_time: 0.007, memory: 6844, loss_rpn_cls: 0.0007, loss_rpn_reg: 0.0028, loss_cls: 0.0324, acc: 98.7539, loss_reg: 0.0324, loss: 0.0683
2019-08-01 08:34:07,571 - INFO - Epoch [17][311/311]	lr: 0.02000, bbox_mAP: 0.6087
2019-08-01 08:38:37,081 - INFO - Epoch [18][50/311]	lr: 0.02000, eta: 5:42:05, time: 5.389, data_time: 0.014, memory: 6844, loss_rpn_cls: 0.0007, loss_rpn_reg: 0.0028, loss_cls: 0.0349, acc: 98.5703, loss_reg: 0.0355, loss: 0.0739
2019-08-01 08:43:12,435 - INFO - Epoch [18][100/311]	lr: 0.02000, eta: 5:38:02, time: 5.507, data_time: 0.008, memory: 6844, loss_rpn_cls: 0.0007, loss_rpn_reg: 0.0027, loss_cls: 0.0297, acc: 98.7930, loss_reg: 0.0265, loss: 0.0596
2019-08-01 08:47:32,786 - INFO - Epoch [18][150/311]	lr: 0.02000, eta: 5:33:47, time: 5.206, data_time: 0.009, memory: 6844, loss_rpn_cls: 0.0008, loss_rpn_reg: 0.0031, loss_cls: 0.0322, acc: 98.5898, loss_reg: 0.0297, loss: 0.0658
2019-08-01 08:52:01,088 - INFO - Epoch [18][200/311]	lr: 0.02000, eta: 5:29:38, time: 5.367, data_time: 0.008, memory: 6844, loss_rpn_cls: 0.0003, loss_rpn_reg: 0.0034, loss_cls: 0.0279, acc: 98.9023, loss_reg: 0.0236, loss: 0.0553
2019-08-01 08:56:30,964 - INFO - Epoch [18][250/311]	lr: 0.02000, eta: 5:25:30, time: 5.397, data_time: 0.007, memory: 6844, loss_rpn_cls: 0.0005, loss_rpn_reg: 0.0034, loss_cls: 0.0257, acc: 98.9062, loss_reg: 0.0268, loss: 0.0564
2019-08-01 09:00:49,557 - INFO - Epoch [18][300/311]	lr: 0.02000, eta: 5:21:13, time: 5.172, data_time: 0.007, memory: 6844, loss_rpn_cls: 0.0007, loss_rpn_reg: 0.0025, loss_cls: 0.0320, acc: 98.5859, loss_reg: 0.0303, loss: 0.0654
2019-08-01 09:01:59,844 - INFO - Epoch [18][311/311]	lr: 0.02000, bbox_mAP: 0.6238
2019-08-01 09:06:25,724 - INFO - Epoch [19][50/311]	lr: 0.02000, eta: 5:15:26, time: 5.317, data_time: 0.014, memory: 6844, loss_rpn_cls: 0.0005, loss_rpn_reg: 0.0028, loss_cls: 0.0235, acc: 99.0234, loss_reg: 0.0221, loss: 0.0489
2019-08-01 09:10:39,967 - INFO - Epoch [19][100/311]	lr: 0.02000, eta: 5:11:07, time: 5.085, data_time: 0.007, memory: 6844, loss_rpn_cls: 0.0008, loss_rpn_reg: 0.0024, loss_cls: 0.0311, acc: 98.7461, loss_reg: 0.0259, loss: 0.0603
2019-08-01 09:15:04,395 - INFO - Epoch [19][150/311]	lr: 0.02000, eta: 5:06:55, time: 5.288, data_time: 0.007, memory: 6844, loss_rpn_cls: 0.0005, loss_rpn_reg: 0.0026, loss_cls: 0.0226, acc: 99.0469, loss_reg: 0.0201, loss: 0.0458
2019-08-01 09:19:41,438 - INFO - Epoch [19][200/311]	lr: 0.02000, eta: 5:02:51, time: 5.541, data_time: 0.008, memory: 6844, loss_rpn_cls: 0.0006, loss_rpn_reg: 0.0027, loss_cls: 0.0324, acc: 98.6758, loss_reg: 0.0273, loss: 0.0630
2019-08-01 09:24:10,061 - INFO - Epoch [19][250/311]	lr: 0.02000, eta: 4:58:41, time: 5.373, data_time: 0.007, memory: 6844, loss_rpn_cls: 0.0004, loss_rpn_reg: 0.0021, loss_cls: 0.0277, acc: 98.7969, loss_reg: 0.0237, loss: 0.0539
2019-08-01 09:28:36,033 - INFO - Epoch [19][300/311]	lr: 0.02000, eta: 4:54:29, time: 5.319, data_time: 0.007, memory: 6844, loss_rpn_cls: 0.0008, loss_rpn_reg: 0.0030, loss_cls: 0.0283, acc: 98.7578, loss_reg: 0.0259, loss: 0.0581
2019-08-01 09:29:45,547 - INFO - Epoch [19][311/311]	lr: 0.02000, bbox_mAP: 0.6411
2019-08-01 09:33:56,032 - INFO - Epoch [20][50/311]	lr: 0.02000, eta: 4:48:37, time: 5.009, data_time: 0.014, memory: 6844, loss_rpn_cls: 0.0009, loss_rpn_reg: 0.0033, loss_cls: 0.0342, acc: 98.6016, loss_reg: 0.0319, loss: 0.0703
2019-08-01 09:38:23,679 - INFO - Epoch [20][100/311]	lr: 0.02000, eta: 4:44:26, time: 5.353, data_time: 0.007, memory: 6844, loss_rpn_cls: 0.0007, loss_rpn_reg: 0.0025, loss_cls: 0.0270, acc: 98.8828, loss_reg: 0.0295, loss: 0.0597
2019-08-01 09:42:42,741 - INFO - Epoch [20][150/311]	lr: 0.02000, eta: 4:40:10, time: 5.181, data_time: 0.008, memory: 6844, loss_rpn_cls: 0.0005, loss_rpn_reg: 0.0020, loss_cls: 0.0252, acc: 98.9102, loss_reg: 0.0250, loss: 0.0527
2019-08-01 09:47:02,415 - INFO - Epoch [20][200/311]	lr: 0.02000, eta: 4:35:55, time: 5.193, data_time: 0.007, memory: 6844, loss_rpn_cls: 0.0009, loss_rpn_reg: 0.0031, loss_cls: 0.0337, acc: 98.5586, loss_reg: 0.0267, loss: 0.0643
2019-08-01 09:51:37,283 - INFO - Epoch [20][250/311]	lr: 0.02000, eta: 4:31:47, time: 5.497, data_time: 0.008, memory: 6844, loss_rpn_cls: 0.0012, loss_rpn_reg: 0.0035, loss_cls: 0.0295, acc: 98.7891, loss_reg: 0.0276, loss: 0.0618
2019-08-01 09:55:57,935 - INFO - Epoch [20][300/311]	lr: 0.02000, eta: 4:27:32, time: 5.213, data_time: 0.008, memory: 6844, loss_rpn_cls: 0.0004, loss_rpn_reg: 0.0028, loss_cls: 0.0219, acc: 99.0547, loss_reg: 0.0223, loss: 0.0473
2019-08-01 09:57:05,176 - INFO - Epoch [20][311/311]	lr: 0.02000, bbox_mAP: 0.6492
2019-08-01 10:01:30,390 - INFO - Epoch [21][50/311]	lr: 0.00200, eta: 4:21:54, time: 5.304, data_time: 0.014, memory: 6844, loss_rpn_cls: 0.0006, loss_rpn_reg: 0.0026, loss_cls: 0.0261, acc: 98.9453, loss_reg: 0.0211, loss: 0.0504
2019-08-01 10:05:46,794 - INFO - Epoch [21][100/311]	lr: 0.00200, eta: 4:17:37, time: 5.128, data_time: 0.007, memory: 6844, loss_rpn_cls: 0.0004, loss_rpn_reg: 0.0015, loss_cls: 0.0216, acc: 99.1328, loss_reg: 0.0174, loss: 0.0409
2019-08-01 10:10:09,010 - INFO - Epoch [21][150/311]	lr: 0.00200, eta: 4:13:22, time: 5.244, data_time: 0.008, memory: 6844, loss_rpn_cls: 0.0006, loss_rpn_reg: 0.0018, loss_cls: 0.0220, acc: 99.1211, loss_reg: 0.0209, loss: 0.0453
2019-08-01 10:14:26,482 - INFO - Epoch [21][200/311]	lr: 0.00200, eta: 4:09:06, time: 5.150, data_time: 0.008, memory: 6844, loss_rpn_cls: 0.0008, loss_rpn_reg: 0.0020, loss_cls: 0.0311, acc: 98.7773, loss_reg: 0.0233, loss: 0.0572
2019-08-01 10:18:50,705 - INFO - Epoch [21][250/311]	lr: 0.00200, eta: 4:04:53, time: 5.283, data_time: 0.007, memory: 6844, loss_rpn_cls: 0.0004, loss_rpn_reg: 0.0019, loss_cls: 0.0223, acc: 99.0508, loss_reg: 0.0171, loss: 0.0416
2019-08-01 10:23:13,167 - INFO - Epoch [21][300/311]	lr: 0.00200, eta: 4:00:38, time: 5.249, data_time: 0.008, memory: 6844, loss_rpn_cls: 0.0005, loss_rpn_reg: 0.0026, loss_cls: 0.0280, acc: 98.8477, loss_reg: 0.0236, loss: 0.0546
2019-08-01 10:24:26,114 - INFO - Epoch [21][311/311]	lr: 0.00200, bbox_mAP: 0.6588
2019-08-01 10:28:49,203 - INFO - Epoch [22][50/311]	lr: 0.00200, eta: 3:55:03, time: 5.261, data_time: 0.013, memory: 6844, loss_rpn_cls: 0.0004, loss_rpn_reg: 0.0017, loss_cls: 0.0227, acc: 99.0312, loss_reg: 0.0155, loss: 0.0404
2019-08-01 10:33:06,702 - INFO - Epoch [22][100/311]	lr: 0.00200, eta: 3:50:47, time: 5.150, data_time: 0.007, memory: 6844, loss_rpn_cls: 0.0008, loss_rpn_reg: 0.0020, loss_cls: 0.0217, acc: 99.1875, loss_reg: 0.0204, loss: 0.0448
2019-08-01 10:37:22,851 - INFO - Epoch [22][150/311]	lr: 0.00200, eta: 3:46:30, time: 5.123, data_time: 0.006, memory: 6844, loss_rpn_cls: 0.0009, loss_rpn_reg: 0.0021, loss_cls: 0.0273, acc: 98.9688, loss_reg: 0.0190, loss: 0.0492
2019-08-01 10:41:41,830 - INFO - Epoch [22][200/311]	lr: 0.00200, eta: 3:42:14, time: 5.180, data_time: 0.008, memory: 6844, loss_rpn_cls: 0.0005, loss_rpn_reg: 0.0017, loss_cls: 0.0232, acc: 98.9961, loss_reg: 0.0200, loss: 0.0454
2019-08-01 10:45:52,261 - INFO - Epoch [22][250/311]	lr: 0.00200, eta: 3:37:55, time: 5.009, data_time: 0.007, memory: 6844, loss_rpn_cls: 0.0003, loss_rpn_reg: 0.0018, loss_cls: 0.0188, acc: 99.2422, loss_reg: 0.0140, loss: 0.0349
2019-08-01 10:50:22,380 - INFO - Epoch [22][300/311]	lr: 0.00200, eta: 3:33:44, time: 5.402, data_time: 0.007, memory: 6844, loss_rpn_cls: 0.0007, loss_rpn_reg: 0.0019, loss_cls: 0.0224, acc: 99.0742, loss_reg: 0.0183, loss: 0.0433
2019-08-01 10:51:35,263 - INFO - Epoch [22][311/311]	lr: 0.00200, bbox_mAP: 0.6614
2019-08-01 10:56:04,180 - INFO - Epoch [23][50/311]	lr: 0.00200, eta: 3:28:15, time: 5.378, data_time: 0.014, memory: 6844, loss_rpn_cls: 0.0009, loss_rpn_reg: 0.0020, loss_cls: 0.0244, acc: 98.9531, loss_reg: 0.0172, loss: 0.0444
2019-08-01 11:00:14,407 - INFO - Epoch [23][100/311]	lr: 0.00200, eta: 3:23:56, time: 5.005, data_time: 0.007, memory: 6844, loss_rpn_cls: 0.0007, loss_rpn_reg: 0.0021, loss_cls: 0.0215, acc: 99.0820, loss_reg: 0.0142, loss: 0.0385
2019-08-01 11:04:43,327 - INFO - Epoch [23][150/311]	lr: 0.00200, eta: 3:19:45, time: 5.378, data_time: 0.006, memory: 6844, loss_rpn_cls: 0.0003, loss_rpn_reg: 0.0014, loss_cls: 0.0200, acc: 99.1602, loss_reg: 0.0150, loss: 0.0368
2019-08-01 11:09:07,822 - INFO - Epoch [23][200/311]	lr: 0.00200, eta: 3:15:31, time: 5.289, data_time: 0.007, memory: 6844, loss_rpn_cls: 0.0004, loss_rpn_reg: 0.0015, loss_cls: 0.0200, acc: 99.1992, loss_reg: 0.0171, loss: 0.0390
2019-08-01 11:13:30,326 - INFO - Epoch [23][250/311]	lr: 0.00200, eta: 3:11:17, time: 5.251, data_time: 0.007, memory: 6844, loss_rpn_cls: 0.0004, loss_rpn_reg: 0.0015, loss_cls: 0.0185, acc: 99.2422, loss_reg: 0.0143, loss: 0.0347
2019-08-01 11:17:54,176 - INFO - Epoch [23][300/311]	lr: 0.00200, eta: 3:07:03, time: 5.277, data_time: 0.007, memory: 6844, loss_rpn_cls: 0.0002, loss_rpn_reg: 0.0012, loss_cls: 0.0154, acc: 99.3438, loss_reg: 0.0111, loss: 0.0280
2019-08-01 11:19:09,815 - INFO - Epoch [23][311/311]	lr: 0.00200, bbox_mAP: 0.6617
2019-08-01 11:23:27,948 - INFO - Epoch [24][50/311]	lr: 0.00020, eta: 3:01:33, time: 5.162, data_time: 0.013, memory: 6844, loss_rpn_cls: 0.0005, loss_rpn_reg: 0.0023, loss_cls: 0.0266, acc: 98.8984, loss_reg: 0.0217, loss: 0.0511
2019-08-01 11:27:56,349 - INFO - Epoch [24][100/311]	lr: 0.00020, eta: 2:57:20, time: 5.368, data_time: 0.006, memory: 6844, loss_rpn_cls: 0.0006, loss_rpn_reg: 0.0024, loss_cls: 0.0233, acc: 98.9180, loss_reg: 0.0164, loss: 0.0427
2019-08-01 11:32:22,242 - INFO - Epoch [24][150/311]	lr: 0.00020, eta: 2:53:07, time: 5.317, data_time: 0.006, memory: 6844, loss_rpn_cls: 0.0003, loss_rpn_reg: 0.0015, loss_cls: 0.0167, acc: 99.2812, loss_reg: 0.0141, loss: 0.0326
2019-08-01 11:36:47,859 - INFO - Epoch [24][200/311]	lr: 0.00020, eta: 2:48:54, time: 5.313, data_time: 0.007, memory: 6844, loss_rpn_cls: 0.0001, loss_rpn_reg: 0.0014, loss_cls: 0.0203, acc: 99.2070, loss_reg: 0.0157, loss: 0.0376
2019-08-01 11:41:07,993 - INFO - Epoch [24][250/311]	lr: 0.00020, eta: 2:44:38, time: 5.203, data_time: 0.008, memory: 6844, loss_rpn_cls: 0.0005, loss_rpn_reg: 0.0010, loss_cls: 0.0179, acc: 99.2852, loss_reg: 0.0127, loss: 0.0321
2019-08-01 11:45:42,410 - INFO - Epoch [24][300/311]	lr: 0.00020, eta: 2:40:27, time: 5.488, data_time: 0.007, memory: 6844, loss_rpn_cls: 0.0005, loss_rpn_reg: 0.0016, loss_cls: 0.0169, acc: 99.3359, loss_reg: 0.0140, loss: 0.0330
2019-08-01 11:46:58,994 - INFO - Epoch [24][311/311]	lr: 0.00020, bbox_mAP: 0.6630
2019-08-01 11:51:13,622 - INFO - Epoch [25][50/311]	lr: 0.00020, eta: 2:34:59, time: 5.092, data_time: 0.013, memory: 6844, loss_rpn_cls: 0.0008, loss_rpn_reg: 0.0019, loss_cls: 0.0229, acc: 99.0938, loss_reg: 0.0206, loss: 0.0463
2019-08-01 11:55:36,840 - INFO - Epoch [25][100/311]	lr: 0.00020, eta: 2:30:45, time: 5.264, data_time: 0.008, memory: 6844, loss_rpn_cls: 0.0004, loss_rpn_reg: 0.0012, loss_cls: 0.0219, acc: 99.1055, loss_reg: 0.0147, loss: 0.0382
2019-08-01 12:00:01,864 - INFO - Epoch [25][150/311]	lr: 0.00020, eta: 2:26:31, time: 5.301, data_time: 0.007, memory: 6844, loss_rpn_cls: 0.0016, loss_rpn_reg: 0.0022, loss_cls: 0.0310, acc: 98.7617, loss_reg: 0.0226, loss: 0.0573
2019-08-01 12:04:17,174 - INFO - Epoch [25][200/311]	lr: 0.00020, eta: 2:22:14, time: 5.106, data_time: 0.007, memory: 6844, loss_rpn_cls: 0.0004, loss_rpn_reg: 0.0020, loss_cls: 0.0255, acc: 98.9141, loss_reg: 0.0216, loss: 0.0495
2019-08-01 12:08:38,302 - INFO - Epoch [25][250/311]	lr: 0.00020, eta: 2:17:59, time: 5.223, data_time: 0.007, memory: 6844, loss_rpn_cls: 0.0013, loss_rpn_reg: 0.0024, loss_cls: 0.0291, acc: 98.7852, loss_reg: 0.0265, loss: 0.0593
2019-08-01 12:13:01,518 - INFO - Epoch [25][300/311]	lr: 0.00020, eta: 2:13:45, time: 5.264, data_time: 0.006, memory: 6844, loss_rpn_cls: 0.0004, loss_rpn_reg: 0.0017, loss_cls: 0.0246, acc: 98.9297, loss_reg: 0.0178, loss: 0.0445
2019-08-01 12:14:08,897 - INFO - Epoch [25][311/311]	lr: 0.00020, bbox_mAP: 0.6631
2019-08-01 12:18:27,395 - INFO - Epoch [26][50/311]	lr: 0.00020, eta: 2:08:21, time: 5.169, data_time: 0.013, memory: 6844, loss_rpn_cls: 0.0004, loss_rpn_reg: 0.0018, loss_cls: 0.0246, acc: 98.9297, loss_reg: 0.0186, loss: 0.0454
2019-08-01 12:22:43,903 - INFO - Epoch [26][100/311]	lr: 0.00020, eta: 2:04:06, time: 5.130, data_time: 0.007, memory: 6844, loss_rpn_cls: 0.0003, loss_rpn_reg: 0.0013, loss_cls: 0.0200, acc: 99.1914, loss_reg: 0.0154, loss: 0.0369
2019-08-01 12:27:08,820 - INFO - Epoch [26][150/311]	lr: 0.00020, eta: 1:59:51, time: 5.298, data_time: 0.007, memory: 6844, loss_rpn_cls: 0.0003, loss_rpn_reg: 0.0016, loss_cls: 0.0199, acc: 99.2148, loss_reg: 0.0171, loss: 0.0389
2019-08-01 12:31:44,629 - INFO - Epoch [26][200/311]	lr: 0.00020, eta: 1:55:39, time: 5.516, data_time: 0.007, memory: 6844, loss_rpn_cls: 0.0003, loss_rpn_reg: 0.0013, loss_cls: 0.0209, acc: 99.2227, loss_reg: 0.0150, loss: 0.0375
2019-08-01 12:36:07,983 - INFO - Epoch [26][250/311]	lr: 0.00020, eta: 1:51:24, time: 5.267, data_time: 0.007, memory: 6844, loss_rpn_cls: 0.0002, loss_rpn_reg: 0.0022, loss_cls: 0.0201, acc: 99.1523, loss_reg: 0.0157, loss: 0.0383
2019-08-01 12:40:22,871 - INFO - Epoch [26][300/311]	lr: 0.00020, eta: 1:47:08, time: 5.098, data_time: 0.008, memory: 6844, loss_rpn_cls: 0.0004, loss_rpn_reg: 0.0020, loss_cls: 0.0177, acc: 99.3047, loss_reg: 0.0121, loss: 0.0323
2019-08-01 12:41:35,048 - INFO - Epoch [26][311/311]	lr: 0.00020, bbox_mAP: 0.6591
2019-08-01 12:46:05,452 - INFO - Epoch [27][50/311]	lr: 0.00020, eta: 1:41:49, time: 5.407, data_time: 0.013, memory: 6844, loss_rpn_cls: 0.0004, loss_rpn_reg: 0.0021, loss_cls: 0.0248, acc: 98.9492, loss_reg: 0.0213, loss: 0.0485
2019-08-01 12:50:18,527 - INFO - Epoch [27][100/311]	lr: 0.00020, eta: 1:37:33, time: 5.061, data_time: 0.008, memory: 6844, loss_rpn_cls: 0.0002, loss_rpn_reg: 0.0014, loss_cls: 0.0171, acc: 99.2617, loss_reg: 0.0133, loss: 0.0321
2019-08-01 12:54:46,797 - INFO - Epoch [27][150/311]	lr: 0.00020, eta: 1:33:19, time: 5.364, data_time: 0.008, memory: 6844, loss_rpn_cls: 0.0004, loss_rpn_reg: 0.0022, loss_cls: 0.0270, acc: 98.8320, loss_reg: 0.0225, loss: 0.0520
2019-08-01 12:59:16,934 - INFO - Epoch [27][200/311]	lr: 0.00020, eta: 1:29:05, time: 5.404, data_time: 0.008, memory: 6844, loss_rpn_cls: 0.0004, loss_rpn_reg: 0.0014, loss_cls: 0.0215, acc: 99.0820, loss_reg: 0.0168, loss: 0.0401
2019-08-01 13:03:47,549 - INFO - Epoch [27][250/311]	lr: 0.00020, eta: 1:24:50, time: 5.412, data_time: 0.007, memory: 6844, loss_rpn_cls: 0.0004, loss_rpn_reg: 0.0018, loss_cls: 0.0210, acc: 99.1562, loss_reg: 0.0189, loss: 0.0421
2019-08-01 13:08:03,776 - INFO - Epoch [27][300/311]	lr: 0.00020, eta: 1:20:34, time: 5.125, data_time: 0.007, memory: 6844, loss_rpn_cls: 0.0005, loss_rpn_reg: 0.0023, loss_cls: 0.0265, acc: 98.9102, loss_reg: 0.0249, loss: 0.0541
2019-08-01 13:09:10,815 - INFO - Epoch [27][311/311]	lr: 0.00020, bbox_mAP: 0.6606
2019-08-01 13:13:39,238 - INFO - Epoch [28][50/311]	lr: 0.00020, eta: 1:15:17, time: 5.367, data_time: 0.013, memory: 6844, loss_rpn_cls: 0.0003, loss_rpn_reg: 0.0015, loss_cls: 0.0169, acc: 99.2812, loss_reg: 0.0129, loss: 0.0316
2019-08-01 13:17:58,280 - INFO - Epoch [28][100/311]	lr: 0.00020, eta: 1:11:02, time: 5.182, data_time: 0.009, memory: 6844, loss_rpn_cls: 0.0003, loss_rpn_reg: 0.0023, loss_cls: 0.0216, acc: 99.1445, loss_reg: 0.0164, loss: 0.0406
2019-08-01 13:22:22,083 - INFO - Epoch [28][150/311]	lr: 0.00020, eta: 1:06:47, time: 5.276, data_time: 0.007, memory: 6844, loss_rpn_cls: 0.0013, loss_rpn_reg: 0.0024, loss_cls: 0.0285, acc: 98.7266, loss_reg: 0.0260, loss: 0.0582
2019-08-01 13:26:58,085 - INFO - Epoch [28][200/311]	lr: 0.00020, eta: 1:02:32, time: 5.520, data_time: 0.007, memory: 6844, loss_rpn_cls: 0.0005, loss_rpn_reg: 0.0015, loss_cls: 0.0226, acc: 99.0781, loss_reg: 0.0173, loss: 0.0419
2019-08-01 13:31:18,334 - INFO - Epoch [28][250/311]	lr: 0.00020, eta: 0:58:17, time: 5.205, data_time: 0.008, memory: 6844, loss_rpn_cls: 0.0003, loss_rpn_reg: 0.0018, loss_cls: 0.0216, acc: 99.1680, loss_reg: 0.0179, loss: 0.0416
2019-08-01 13:35:52,765 - INFO - Epoch [28][300/311]	lr: 0.00020, eta: 0:54:02, time: 5.487, data_time: 0.007, memory: 6844, loss_rpn_cls: 0.0008, loss_rpn_reg: 0.0021, loss_cls: 0.0190, acc: 99.2188, loss_reg: 0.0124, loss: 0.0343
2019-08-01 13:37:09,723 - INFO - Epoch [28][311/311]	lr: 0.00020, bbox_mAP: 0.6584
2019-08-01 13:41:35,548 - INFO - Epoch [29][50/311]	lr: 0.00020, eta: 0:48:46, time: 5.315, data_time: 0.019, memory: 6844, loss_rpn_cls: 0.0007, loss_rpn_reg: 0.0017, loss_cls: 0.0229, acc: 99.0391, loss_reg: 0.0154, loss: 0.0407
2019-08-01 13:46:05,806 - INFO - Epoch [29][100/311]	lr: 0.00020, eta: 0:44:32, time: 5.405, data_time: 0.007, memory: 6844, loss_rpn_cls: 0.0011, loss_rpn_reg: 0.0020, loss_cls: 0.0258, acc: 98.9219, loss_reg: 0.0187, loss: 0.0476
2019-08-01 13:50:34,033 - INFO - Epoch [29][150/311]	lr: 0.00020, eta: 0:40:16, time: 5.365, data_time: 0.008, memory: 6844, loss_rpn_cls: 0.0004, loss_rpn_reg: 0.0015, loss_cls: 0.0187, acc: 99.2070, loss_reg: 0.0133, loss: 0.0340
2019-08-01 13:55:08,468 - INFO - Epoch [29][200/311]	lr: 0.00020, eta: 0:36:01, time: 5.489, data_time: 0.007, memory: 6844, loss_rpn_cls: 0.0004, loss_rpn_reg: 0.0018, loss_cls: 0.0284, acc: 98.9102, loss_reg: 0.0246, loss: 0.0552
2019-08-01 13:59:35,473 - INFO - Epoch [29][250/311]	lr: 0.00020, eta: 0:31:45, time: 5.339, data_time: 0.007, memory: 6844, loss_rpn_cls: 0.0003, loss_rpn_reg: 0.0018, loss_cls: 0.0203, acc: 99.1875, loss_reg: 0.0171, loss: 0.0395
2019-08-01 14:03:57,115 - INFO - Epoch [29][300/311]	lr: 0.00020, eta: 0:27:30, time: 5.233, data_time: 0.009, memory: 6844, loss_rpn_cls: 0.0005, loss_rpn_reg: 0.0014, loss_cls: 0.0183, acc: 99.2227, loss_reg: 0.0132, loss: 0.0334
2019-08-01 14:05:09,593 - INFO - Epoch [29][311/311]	lr: 0.00020, bbox_mAP: 0.6611
2019-08-01 14:09:24,911 - INFO - Epoch [30][50/311]	lr: 0.00020, eta: 0:22:15, time: 5.106, data_time: 0.015, memory: 6844, loss_rpn_cls: 0.0003, loss_rpn_reg: 0.0021, loss_cls: 0.0257, acc: 98.9531, loss_reg: 0.0232, loss: 0.0513
2019-08-01 14:13:47,331 - INFO - Epoch [30][100/311]	lr: 0.00020, eta: 0:18:00, time: 5.249, data_time: 0.007, memory: 6844, loss_rpn_cls: 0.0004, loss_rpn_reg: 0.0014, loss_cls: 0.0181, acc: 99.2266, loss_reg: 0.0162, loss: 0.0360
2019-08-01 14:18:01,042 - INFO - Epoch [30][150/311]	lr: 0.00020, eta: 0:13:44, time: 5.074, data_time: 0.006, memory: 6844, loss_rpn_cls: 0.0006, loss_rpn_reg: 0.0013, loss_cls: 0.0178, acc: 99.2617, loss_reg: 0.0132, loss: 0.0330
2019-08-01 14:22:14,789 - INFO - Epoch [30][200/311]	lr: 0.00020, eta: 0:09:28, time: 5.075, data_time: 0.007, memory: 6844, loss_rpn_cls: 0.0009, loss_rpn_reg: 0.0018, loss_cls: 0.0227, acc: 99.0977, loss_reg: 0.0177, loss: 0.0430
2019-08-01 14:26:47,813 - INFO - Epoch [30][250/311]	lr: 0.00020, eta: 0:05:12, time: 5.460, data_time: 0.008, memory: 6844, loss_rpn_cls: 0.0002, loss_rpn_reg: 0.0014, loss_cls: 0.0167, acc: 99.2891, loss_reg: 0.0120, loss: 0.0303
2019-08-01 14:31:04,133 - INFO - Epoch [30][300/311]	lr: 0.00020, eta: 0:00:56, time: 5.127, data_time: 0.008, memory: 6844, loss_rpn_cls: 0.0008, loss_rpn_reg: 0.0013, loss_cls: 0.0186, acc: 99.2383, loss_reg: 0.0146, loss: 0.0354
2019-08-01 14:32:15,430 - INFO - Epoch [30][311/311]	lr: 0.00020, bbox_mAP: 0.6600
